2019-04-13 07:59:50.216 [http-nio-80-exec-1] DEBUG com.my.blog.website.service.impl.ContentServiceImpl - Enter getContents method
2019-04-13 07:59:50.329 [http-nio-80-exec-1] DEBUG com.my.blog.website.service.impl.ContentServiceImpl - Exit getContents method
2019-04-13 07:59:53.477 [http-nio-80-exec-10] DEBUG com.my.blog.website.service.impl.SiteServiceImpl - Enter getArchives method
2019-04-13 07:59:53.491 [http-nio-80-exec-10] DEBUG com.my.blog.website.service.impl.SiteServiceImpl - Exit getArchives method
2019-04-13 08:00:03.675 [http-nio-80-exec-2] DEBUG com.my.blog.website.service.impl.SiteServiceImpl - Enter getArchives method
2019-04-13 08:00:03.685 [http-nio-80-exec-2] DEBUG com.my.blog.website.service.impl.SiteServiceImpl - Exit getArchives method
2019-04-13 08:00:04.605 [http-nio-80-exec-5] ERROR com.my.blog.website.controller.GlobalExceptionHandler - find exception:e=query content by id and return is not one
2019-04-13 08:00:08.932 [http-nio-80-exec-4] DEBUG com.my.blog.website.service.impl.SiteServiceImpl - Enter getArchives method
2019-04-13 08:00:08.941 [http-nio-80-exec-4] DEBUG com.my.blog.website.service.impl.SiteServiceImpl - Exit getArchives method
2019-04-13 08:00:10.003 [http-nio-80-exec-9] DEBUG com.my.blog.website.service.impl.SiteServiceImpl - Enter getArchives method
2019-04-13 08:00:10.013 [http-nio-80-exec-9] DEBUG com.my.blog.website.service.impl.SiteServiceImpl - Exit getArchives method
2019-04-13 08:00:12.644 [http-nio-80-exec-10] DEBUG com.my.blog.website.service.impl.SiteServiceImpl - Enter getArchives method
2019-04-13 08:00:12.651 [http-nio-80-exec-10] DEBUG com.my.blog.website.service.impl.SiteServiceImpl - Exit getArchives method
2019-04-13 08:00:13.775 [http-nio-80-exec-1] DEBUG com.my.blog.website.service.impl.ContentServiceImpl - Enter getContents method
2019-04-13 08:00:13.783 [http-nio-80-exec-1] DEBUG com.my.blog.website.service.impl.ContentServiceImpl - Exit getContents method
2019-04-13 08:00:14.037 [http-nio-80-exec-3] DEBUG com.my.blog.website.service.impl.ContentServiceImpl - Enter getContents method
2019-04-13 08:00:14.051 [http-nio-80-exec-3] DEBUG com.my.blog.website.service.impl.ContentServiceImpl - Exit getContents method
2019-04-13 08:00:39.074 [http-nio-80-exec-2] DEBUG com.my.blog.website.service.impl.SiteServiceImpl - Enter getArchives method
2019-04-13 08:00:39.081 [http-nio-80-exec-2] DEBUG com.my.blog.website.service.impl.SiteServiceImpl - Exit getArchives method
2019-04-13 08:00:45.518 [http-nio-80-exec-8] ERROR com.my.blog.website.controller.GlobalExceptionHandler - find exception:e=query content by id and return is not one
2019-04-13 08:00:50.186 [http-nio-80-exec-5] ERROR com.my.blog.website.controller.GlobalExceptionHandler - find exception:e=query content by id and return is not one
2019-04-13 08:01:00.807 [http-nio-80-exec-1] DEBUG com.my.blog.website.service.impl.ContentServiceImpl - Enter getContents method
2019-04-13 08:01:00.812 [http-nio-80-exec-1] DEBUG com.my.blog.website.service.impl.ContentServiceImpl - Exit getContents method
2019-04-13 08:48:31.648 [http-nio-80-exec-2] DEBUG com.my.blog.website.service.impl.ContentServiceImpl - Enter getContents method
2019-04-13 08:48:31.658 [http-nio-80-exec-2] DEBUG com.my.blog.website.service.impl.ContentServiceImpl - Exit getContents method
2019-04-13 08:48:39.590 [http-nio-80-exec-9] ERROR com.my.blog.website.controller.GlobalExceptionHandler - find exception:e=query content by id and return is not one
2019-04-13 08:48:53.785 [http-nio-80-exec-10] INFO  com.my.blog.website.controller.admin.IndexController - Enter admin index method
2019-04-13 08:48:53.785 [http-nio-80-exec-10] DEBUG com.my.blog.website.service.impl.SiteServiceImpl - Enter recentComments method:limit=5
2019-04-13 08:48:53.795 [http-nio-80-exec-10] DEBUG com.my.blog.website.service.impl.SiteServiceImpl - Exit recentComments method
2019-04-13 08:48:53.795 [http-nio-80-exec-10] DEBUG com.my.blog.website.service.impl.SiteServiceImpl - Enter recentContents method
2019-04-13 08:48:53.799 [http-nio-80-exec-10] DEBUG com.my.blog.website.service.impl.SiteServiceImpl - Exit recentContents method
2019-04-13 08:48:53.800 [http-nio-80-exec-10] DEBUG com.my.blog.website.service.impl.SiteServiceImpl - Enter getStatistics method
2019-04-13 08:48:53.807 [http-nio-80-exec-10] DEBUG com.my.blog.website.service.impl.SiteServiceImpl - Exit getStatistics method
2019-04-13 08:48:53.807 [http-nio-80-exec-10] DEBUG com.my.blog.website.service.impl.LogServiceImpl - Enter getLogs method:page=1,linit=5
2019-04-13 08:48:53.811 [http-nio-80-exec-10] DEBUG com.my.blog.website.service.impl.LogServiceImpl - Exit getLogs method
2019-04-13 08:48:53.811 [http-nio-80-exec-10] INFO  com.my.blog.website.controller.admin.IndexController - Exit admin index method
2019-04-13 08:48:54.293 [http-nio-80-exec-7] INFO  com.my.blog.website.controller.admin.IndexController - Enter admin index method
2019-04-13 08:48:54.293 [http-nio-80-exec-7] DEBUG com.my.blog.website.service.impl.SiteServiceImpl - Enter recentComments method:limit=5
2019-04-13 08:48:54.295 [http-nio-80-exec-7] DEBUG com.my.blog.website.service.impl.SiteServiceImpl - Exit recentComments method
2019-04-13 08:48:54.295 [http-nio-80-exec-7] DEBUG com.my.blog.website.service.impl.SiteServiceImpl - Enter recentContents method
2019-04-13 08:48:54.299 [http-nio-80-exec-7] DEBUG com.my.blog.website.service.impl.SiteServiceImpl - Exit recentContents method
2019-04-13 08:48:54.299 [http-nio-80-exec-7] DEBUG com.my.blog.website.service.impl.SiteServiceImpl - Enter getStatistics method
2019-04-13 08:48:54.307 [http-nio-80-exec-7] DEBUG com.my.blog.website.service.impl.SiteServiceImpl - Exit getStatistics method
2019-04-13 08:48:54.307 [http-nio-80-exec-7] DEBUG com.my.blog.website.service.impl.LogServiceImpl - Enter getLogs method:page=1,linit=5
2019-04-13 08:48:54.311 [http-nio-80-exec-7] DEBUG com.my.blog.website.service.impl.LogServiceImpl - Exit getLogs method
2019-04-13 08:48:54.311 [http-nio-80-exec-7] INFO  com.my.blog.website.controller.admin.IndexController - Exit admin index method
2019-04-13 08:50:27.032 [http-nio-80-exec-6] DEBUG com.my.blog.website.service.impl.ContentServiceImpl - Enter getContents method
2019-04-13 08:50:27.039 [http-nio-80-exec-6] DEBUG com.my.blog.website.service.impl.ContentServiceImpl - Exit getContents method
2019-04-13 08:50:28.440 [http-nio-80-exec-10] DEBUG com.my.blog.website.service.impl.ContentServiceImpl - Enter getContents method
2019-04-13 08:50:28.444 [http-nio-80-exec-10] DEBUG com.my.blog.website.service.impl.ContentServiceImpl - Exit getContents method
2019-04-13 08:50:32.555 [http-nio-80-exec-8] DEBUG com.my.blog.website.service.impl.SiteServiceImpl - Enter getArchives method
2019-04-13 08:50:32.561 [http-nio-80-exec-8] DEBUG com.my.blog.website.service.impl.SiteServiceImpl - Exit getArchives method
2019-04-13 08:51:35.942 [http-nio-80-exec-5] INFO  com.my.blog.website.controller.admin.IndexController - Enter admin index method
2019-04-13 08:51:35.942 [http-nio-80-exec-5] DEBUG com.my.blog.website.service.impl.SiteServiceImpl - Enter recentComments method:limit=5
2019-04-13 08:51:35.943 [http-nio-80-exec-5] DEBUG com.my.blog.website.service.impl.SiteServiceImpl - Exit recentComments method
2019-04-13 08:51:35.943 [http-nio-80-exec-5] DEBUG com.my.blog.website.service.impl.SiteServiceImpl - Enter recentContents method
2019-04-13 08:51:35.947 [http-nio-80-exec-5] DEBUG com.my.blog.website.service.impl.SiteServiceImpl - Exit recentContents method
2019-04-13 08:51:35.947 [http-nio-80-exec-5] DEBUG com.my.blog.website.service.impl.SiteServiceImpl - Enter getStatistics method
2019-04-13 08:51:35.951 [http-nio-80-exec-5] DEBUG com.my.blog.website.service.impl.SiteServiceImpl - Exit getStatistics method
2019-04-13 08:51:35.951 [http-nio-80-exec-5] DEBUG com.my.blog.website.service.impl.LogServiceImpl - Enter getLogs method:page=1,linit=5
2019-04-13 08:51:35.954 [http-nio-80-exec-5] DEBUG com.my.blog.website.service.impl.LogServiceImpl - Exit getLogs method
2019-04-13 08:51:35.954 [http-nio-80-exec-5] INFO  com.my.blog.website.controller.admin.IndexController - Exit admin index method
2019-04-13 08:51:36.352 [http-nio-80-exec-1] INFO  com.my.blog.website.controller.admin.IndexController - Enter admin index method
2019-04-13 08:51:36.352 [http-nio-80-exec-1] DEBUG com.my.blog.website.service.impl.SiteServiceImpl - Enter recentComments method:limit=5
2019-04-13 08:51:36.354 [http-nio-80-exec-1] DEBUG com.my.blog.website.service.impl.SiteServiceImpl - Exit recentComments method
2019-04-13 08:51:36.354 [http-nio-80-exec-1] DEBUG com.my.blog.website.service.impl.SiteServiceImpl - Enter recentContents method
2019-04-13 08:51:36.357 [http-nio-80-exec-1] DEBUG com.my.blog.website.service.impl.SiteServiceImpl - Exit recentContents method
2019-04-13 08:51:36.357 [http-nio-80-exec-1] DEBUG com.my.blog.website.service.impl.SiteServiceImpl - Enter getStatistics method
2019-04-13 08:51:36.361 [http-nio-80-exec-1] DEBUG com.my.blog.website.service.impl.SiteServiceImpl - Exit getStatistics method
2019-04-13 08:51:36.361 [http-nio-80-exec-1] DEBUG com.my.blog.website.service.impl.LogServiceImpl - Enter getLogs method:page=1,linit=5
2019-04-13 08:51:36.365 [http-nio-80-exec-1] DEBUG com.my.blog.website.service.impl.LogServiceImpl - Exit getLogs method
2019-04-13 08:51:36.365 [http-nio-80-exec-1] INFO  com.my.blog.website.controller.admin.IndexController - Exit admin index method
2019-04-13 08:51:36.775 [http-nio-80-exec-2] INFO  com.my.blog.website.controller.admin.IndexController - Enter admin index method
2019-04-13 08:51:36.775 [http-nio-80-exec-2] DEBUG com.my.blog.website.service.impl.SiteServiceImpl - Enter recentComments method:limit=5
2019-04-13 08:51:36.777 [http-nio-80-exec-2] DEBUG com.my.blog.website.service.impl.SiteServiceImpl - Exit recentComments method
2019-04-13 08:51:36.777 [http-nio-80-exec-2] DEBUG com.my.blog.website.service.impl.SiteServiceImpl - Enter recentContents method
2019-04-13 08:51:36.780 [http-nio-80-exec-2] DEBUG com.my.blog.website.service.impl.SiteServiceImpl - Exit recentContents method
2019-04-13 08:51:36.780 [http-nio-80-exec-2] DEBUG com.my.blog.website.service.impl.SiteServiceImpl - Enter getStatistics method
2019-04-13 08:51:36.785 [http-nio-80-exec-2] DEBUG com.my.blog.website.service.impl.SiteServiceImpl - Exit getStatistics method
2019-04-13 08:51:36.785 [http-nio-80-exec-2] DEBUG com.my.blog.website.service.impl.LogServiceImpl - Enter getLogs method:page=1,linit=5
2019-04-13 08:51:36.788 [http-nio-80-exec-2] DEBUG com.my.blog.website.service.impl.LogServiceImpl - Exit getLogs method
2019-04-13 08:51:36.788 [http-nio-80-exec-2] INFO  com.my.blog.website.controller.admin.IndexController - Exit admin index method
2019-04-13 08:52:39.154 [http-nio-80-exec-6] INFO  com.my.blog.website.controller.admin.IndexController - Enter admin index method
2019-04-13 08:52:39.154 [http-nio-80-exec-6] DEBUG com.my.blog.website.service.impl.SiteServiceImpl - Enter recentComments method:limit=5
2019-04-13 08:52:39.181 [http-nio-80-exec-6] DEBUG com.my.blog.website.service.impl.SiteServiceImpl - Exit recentComments method
2019-04-13 08:52:39.181 [http-nio-80-exec-6] DEBUG com.my.blog.website.service.impl.SiteServiceImpl - Enter recentContents method
2019-04-13 08:52:39.196 [http-nio-80-exec-6] DEBUG com.my.blog.website.service.impl.SiteServiceImpl - Exit recentContents method
2019-04-13 08:52:39.196 [http-nio-80-exec-6] DEBUG com.my.blog.website.service.impl.SiteServiceImpl - Enter getStatistics method
2019-04-13 08:52:39.208 [http-nio-80-exec-6] DEBUG com.my.blog.website.service.impl.SiteServiceImpl - Exit getStatistics method
2019-04-13 08:52:39.208 [http-nio-80-exec-6] DEBUG com.my.blog.website.service.impl.LogServiceImpl - Enter getLogs method:page=1,linit=5
2019-04-13 08:52:39.215 [http-nio-80-exec-6] DEBUG com.my.blog.website.service.impl.LogServiceImpl - Exit getLogs method
2019-04-13 08:52:39.215 [http-nio-80-exec-6] INFO  com.my.blog.website.controller.admin.IndexController - Exit admin index method
